<?xml version="1.0" encoding="UTF-8"?>
<!-- Generated by org.testng.reporters.JUnitReportReporter -->
<testsuite skipped="0" hostname="SPT-CPU-0330" name="CEC_Regression_CallCenter_TestCases.CC_VerifyWithValidBasicRestaurantInformationDataSavesProperly" tests="1" failures="0" timestamp="03 May 2018 09:56:01 GMT" time="35.940" errors="0">
  <testcase name="verifyBasicRestaurantInformationDataGetSavedProperly__384" time="35.940" classname="CEC_Regression_CallCenter_TestCases.CC_VerifyWithValidBasicRestaurantInformationDataSavesProperly"/>
</testsuite> <!-- CEC_Regression_CallCenter_TestCases.CC_VerifyWithValidBasicRestaurantInformationDataSavesProperly -->
