<?xml version="1.0" encoding="UTF-8"?>
<!-- Generated by org.testng.reporters.JUnitReportReporter -->
<testsuite skipped="0" hostname="SPT-CPU-0330" name="Dependency" tests="2" failures="0" timestamp="21 May 2018 11:34:01 GMT" time="10.786" errors="0">
  <testcase name="launchbrowser" time="10.779" classname="Dependency"/>
  <testcase name="homepage" time="0.007" classname="Dependency"/>
</testsuite> <!-- Dependency -->
