<?xml version="1.0" encoding="UTF-8"?>
<!-- Generated by org.testng.reporters.JUnitReportReporter -->
<testsuite skipped="0" hostname="SPT-CPU-0330" name="Dependency.Dependency" tests="1" failures="0" timestamp="21 May 2018 11:48:00 GMT" time="0.007" errors="0">
  <testcase name="homepage" time="0.007" classname="Dependency.Dependency"/>
</testsuite> <!-- Dependency.Dependency -->
